<?xml version="1.0" encoding="UTF-8"?>
<testsuite name="com.bridgelabz.InvoiceServiceTest" tests="1" skipped="0" failures="0" errors="0" timestamp="2021-05-12T14:43:55" hostname="SHALINI" time="0.033">
  <properties/>
  <testcase name="givenMultipleRides_ShouldReturnTotalFare()" classname="com.bridgelabz.InvoiceServiceTest" time="0.033"/>
  <system-out><![CDATA[]]></system-out>
  <system-err><![CDATA[]]></system-err>
</testsuite>
